# JRE version: OpenJDK Runtime Environment (8.0_242-b01) (build 1.8.0_242-release-1644-b01)
# Java VM: OpenJDK 64-Bit Server VM (25.242-b01 mixed mode windows-amd64 compressed oops)
Heap:
 PSYoungGen      total 195072K, used 83229K [0x00000000d5580000, 0x00000000e2800000, 0x0000000100000000)
  eden space 177152K, 46% used [0x00000000d5580000,0x00000000da6c76e0,0x00000000e0280000)
  from space 17920K, 0% used [0x00000000e1380000,0x00000000e1380000,0x00000000e2500000)
  to   space 17408K, 0% used [0x00000000e0280000,0x00000000e0280000,0x00000000e1380000)
 ParOldGen       total 119296K, used 31407K [0x0000000080000000, 0x0000000087480000, 0x00000000d5580000)
  object space 119296K, 26% used [0x0000000080000000,0x0000000081eabc20,0x0000000087480000)
 Metaspace       used 62293K, capacity 64923K, committed 65048K, reserved 1105920K
  class space    used 8641K, capacity 9145K, committed 9264K, reserved 1048576K
GC Heap History (10 events):
Event: 6.977 GC heap before
{Heap before GC invocations=11 (full 2):
 PSYoungGen      total 128512K, used 10239K [0x00000000d5580000, 0x00000000def80000, 0x0000000100000000)
  eden space 118272K, 0% used [0x00000000d5580000,0x00000000d5580000,0x00000000dc900000)
  from space 10240K, 99% used [0x00000000dc900000,0x00000000dd2fffc8,0x00000000dd300000)
  to   space 11776K, 0% used [0x00000000de400000,0x00000000de400000,0x00000000def80000)
 ParOldGen       total 53248K, used 9396K [0x0000000080000000, 0x0000000083400000, 0x00000000d5580000)
  object space 53248K, 17% used [0x0000000080000000,0x000000008092d0a8,0x0000000083400000)
 Metaspace       used 34244K, capacity 35412K, committed 35496K, reserved 1079296K
  class space    used 4703K, capacity 5001K, committed 5040K, reserved 1048576K
Event: 7.017 GC heap after
Heap after GC invocations=11 (full 2):
 PSYoungGen      total 128512K, used 0K [0x00000000d5580000, 0x00000000def80000, 0x0000000100000000)
  eden space 118272K, 0% used [0x00000000d5580000,0x00000000d5580000,0x00000000dc900000)
  from space 10240K, 0% used [0x00000000dc900000,0x00000000dc900000,0x00000000dd300000)
  to   space 11776K, 0% used [0x00000000de400000,0x00000000de400000,0x00000000def80000)
 ParOldGen       total 80896K, used 17575K [0x0000000080000000, 0x0000000084f00000, 0x00000000d5580000)
  object space 80896K, 21% used [0x0000000080000000,0x0000000081129e48,0x0000000084f00000)
 Metaspace       used 34244K, capacity 35412K, committed 35496K, reserved 1079296K
  class space    used 4703K, capacity 5001K, committed 5040K, reserved 1048576K
}
Event: 8.935 GC heap before
{Heap before GC invocations=12 (full 2):
 PSYoungGen      total 128512K, used 118272K [0x00000000d5580000, 0x00000000def80000, 0x0000000100000000)
  eden space 118272K, 100% used [0x00000000d5580000,0x00000000dc900000,0x00000000dc900000)
  from space 10240K, 0% used [0x00000000dc900000,0x00000000dc900000,0x00000000dd300000)
  to   space 11776K, 0% used [0x00000000de400000,0x00000000de400000,0x00000000def80000)
 ParOldGen       total 80896K, used 17575K [0x0000000080000000, 0x0000000084f00000, 0x00000000d5580000)
  object space 80896K, 21% used [0x0000000080000000,0x0000000081129e48,0x0000000084f00000)
 Metaspace       used 40380K, capacity 42352K, committed 42664K, reserved 1085440K
  class space    used 5556K, capacity 5978K, committed 6064K, reserved 1048576K
Event: 8.949 GC heap after
Heap after GC invocations=12 (full 2):
 PSYoungGen      total 144896K, used 10143K [0x00000000d5580000, 0x00000000e0680000, 0x0000000100000000)
  eden space 133120K, 0% used [0x00000000d5580000,0x00000000d5580000,0x00000000dd780000)
  from space 11776K, 86% used [0x00000000de400000,0x00000000dede7d08,0x00000000def80000)
  to   space 12800K, 0% used [0x00000000dd780000,0x00000000dd780000,0x00000000de400000)
 ParOldGen       total 80896K, used 17583K [0x0000000080000000, 0x0000000084f00000, 0x00000000d5580000)
  object space 80896K, 21% used [0x0000000080000000,0x000000008112be48,0x0000000084f00000)
 Metaspace       used 40380K, capacity 42352K, committed 42664K, reserved 1085440K
  class space    used 5556K, capacity 5978K, committed 6064K, reserved 1048576K
}
Event: 10.954 GC heap before
{Heap before GC invocations=13 (full 2):
 PSYoungGen      total 144896K, used 143263K [0x00000000d5580000, 0x00000000e0680000, 0x0000000100000000)
  eden space 133120K, 100% used [0x00000000d5580000,0x00000000dd780000,0x00000000dd780000)
  from space 11776K, 86% used [0x00000000de400000,0x00000000dede7d08,0x00000000def80000)
  to   space 12800K, 0% used [0x00000000dd780000,0x00000000dd780000,0x00000000de400000)
 ParOldGen       total 80896K, used 17583K [0x0000000080000000, 0x0000000084f00000, 0x00000000d5580000)
  object space 80896K, 21% used [0x0000000080000000,0x000000008112be48,0x0000000084f00000)
 Metaspace       used 52641K, capacity 54876K, committed 55080K, reserved 1097728K
  class space    used 7029K, capacity 7464K, committed 7472K, reserved 1048576K
Event: 10.990 GC heap after
Heap after GC invocations=13 (full 2):
 PSYoungGen      total 145920K, used 12780K [0x00000000d5580000, 0x00000000e2500000, 0x0000000100000000)
  eden space 133120K, 0% used [0x00000000d5580000,0x00000000d5580000,0x00000000dd780000)
  from space 12800K, 99% used [0x00000000dd780000,0x00000000de3fb330,0x00000000de400000)
  to   space 17920K, 0% used [0x00000000e1380000,0x00000000e1380000,0x00000000e2500000)
 ParOldGen       total 80896K, used 26695K [0x0000000080000000, 0x0000000084f00000, 0x00000000d5580000)
  object space 80896K, 32% used [0x0000000080000000,0x0000000081a11c08,0x0000000084f00000)
 Metaspace       used 52641K, capacity 54876K, committed 55080K, reserved 1097728K
  class space    used 7029K, capacity 7464K, committed 7472K, reserved 1048576K
}
Event: 11.689 GC heap before
{Heap before GC invocations=14 (full 2):
 PSYoungGen      total 145920K, used 60061K [0x00000000d5580000, 0x00000000e2500000, 0x0000000100000000)
  eden space 133120K, 35% used [0x00000000d5580000,0x00000000d83ac3b8,0x00000000dd780000)
  from space 12800K, 99% used [0x00000000dd780000,0x00000000de3fb330,0x00000000de400000)
  to   space 17920K, 0% used [0x00000000e1380000,0x00000000e1380000,0x00000000e2500000)
 ParOldGen       total 80896K, used 26695K [0x0000000080000000, 0x0000000084f00000, 0x00000000d5580000)
  object space 80896K, 32% used [0x0000000080000000,0x0000000081a11c08,0x0000000084f00000)
 Metaspace       used 56699K, capacity 59147K, committed 59160K, reserved 1099776K
  class space    used 7750K, capacity 8240K, committed 8240K, reserved 1048576K
Event: 11.708 GC heap after
Heap after GC invocations=14 (full 2):
 PSYoungGen      total 195072K, used 5375K [0x00000000d5580000, 0x00000000e2800000, 0x0000000100000000)
  eden space 177152K, 0% used [0x00000000d5580000,0x00000000d5580000,0x00000000e0280000)
  from space 17920K, 29% used [0x00000000e1380000,0x00000000e18bfc58,0x00000000e2500000)
  to   space 17408K, 0% used [0x00000000e0280000,0x00000000e0280000,0x00000000e1380000)
 ParOldGen       total 80896K, used 39451K [0x0000000080000000, 0x0000000084f00000, 0x00000000d5580000)
  object space 80896K, 48% used [0x0000000080000000,0x0000000082686ee8,0x0000000084f00000)
 Metaspace       used 56699K, capacity 59147K, committed 59160K, reserved 1099776K
  class space    used 7750K, capacity 8240K, committed 8240K, reserved 1048576K
}
Event: 11.708 GC heap before
{Heap before GC invocations=15 (full 3):
 PSYoungGen      total 195072K, used 5375K [0x00000000d5580000, 0x00000000e2800000, 0x0000000100000000)
  eden space 177152K, 0% used [0x00000000d5580000,0x00000000d5580000,0x00000000e0280000)
  from space 17920K, 29% used [0x00000000e1380000,0x00000000e18bfc58,0x00000000e2500000)
  to   space 17408K, 0% used [0x00000000e0280000,0x00000000e0280000,0x00000000e1380000)
 ParOldGen       total 80896K, used 39451K [0x0000000080000000, 0x0000000084f00000, 0x00000000d5580000)
  object space 80896K, 48% used [0x0000000080000000,0x0000000082686ee8,0x0000000084f00000)
 Metaspace       used 56699K, capacity 59147K, committed 59160K, reserved 1099776K
  class space    used 7750K, capacity 8240K, committed 8240K, reserved 1048576K
Event: 11.848 GC heap after
Heap after GC invocations=15 (full 3):
 PSYoungGen      total 195072K, used 0K [0x00000000d5580000, 0x00000000e2800000, 0x0000000100000000)
  eden space 177152K, 0% used [0x00000000d5580000,0x00000000d5580000,0x00000000e0280000)
  from space 17920K, 0% used [0x00000000e1380000,0x00000000e1380000,0x00000000e2500000)
  to   space 17408K, 0% used [0x00000000e0280000,0x00000000e0280000,0x00000000e1380000)
 ParOldGen       total 119296K, used 31407K [0x0000000080000000, 0x0000000087480000, 0x00000000d5580000)
  object space 119296K, 26% used [0x0000000080000000,0x0000000081eabc20,0x0000000087480000)
 Metaspace       used 56613K, capacity 58859K, committed 59160K, reserved 1099776K
  class space    used 7724K, capacity 8192K, committed 8240K, reserved 1048576K
}

